Flutter crash report.
Please report a bug at https://github.com/flutter/flutter/issues.

## command

flutter --quiet assemble --depfile D:\Flutter_Projects\tim\build\app\intermediates\flutter\debug/flutter_build.d --output D:\Flutter_Projects\tim\build\app\intermediates\flutter\debug -dTargetFile=D:\Flutter_Projects\tim\lib\main.dart -dTargetPlatform=android -dBuildMode=debug -dTrackWidgetCreation=true --DartDefines=flutter.inspector.structuredErrors%3Dtrue debug_android_application

## exception

FileSystemException: FileSystemException: Failed to decode data using encoding 'utf-8', path = 'D:\Flutter_Projects\tim\.dart_tool\flutter_build\cb9f08436df9de35d37bc2f500a08cfb\kernel_snapshot.d'

```
#0      _File._tryDecode (dart:io/file_impl.dart:564:7)
#1      _File.readAsStringSync (dart:io/file_impl.dart:584:7)
#2      ForwardingFile.readAsStringSync (package:file/src/forwarding/forwarding_file.dart:96:16)
#3      ErrorHandlingFile.readAsStringSync.<anonymous closure> (package:flutter_tools/src/base/error_handling_io.dart:209:22)
#4      _runSync (package:flutter_tools/src/base/error_handling_io.dart:556:14)
#5      ErrorHandlingFile.readAsStringSync (package:flutter_tools/src/base/error_handling_io.dart:208:12)
#6      SourceVisitor.visitDepfile (package:flutter_tools/src/build_system/source.dart:55:37)
#7      List.forEach (dart:core-patch/growable_array.dart:403:8)
#8      Target._resolveConfiguration (package:flutter_tools/src/build_system/build_system.dart:246:14)
#9      Target.resolveInputs (package:flutter_tools/src/build_system/build_system.dart:194:12)
#10     Target._toNode (package:flutter_tools/src/build_system/build_system.dart:147:39)
#11     Target._toNode (package:flutter_tools/src/build_system/build_system.dart:154:58)
#12     FlutterBuildSystem.build (package:flutter_tools/src/build_system/build_system.dart:552:30)
#13     AssembleCommand.runCommand (package:flutter_tools/src/commands/assemble.dart:220:58)
#14     FlutterCommand.verifyThenRunCommand (package:flutter_tools/src/runner/flutter_command.dart:1157:18)
<asynchronous suspension>
#15     FlutterCommand.run.<anonymous closure> (package:flutter_tools/src/runner/flutter_command.dart:1009:27)
<asynchronous suspension>
#16     AppContext.run.<anonymous closure> (package:flutter_tools/src/base/context.dart:150:19)
<asynchronous suspension>
#17     AppContext.run (package:flutter_tools/src/base/context.dart:149:12)
<asynchronous suspension>
#18     CommandRunner.runCommand (package:args/command_runner.dart:197:13)
<asynchronous suspension>
#19     FlutterCommandRunner.runCommand.<anonymous closure> (package:flutter_tools/src/runner/flutter_command_runner.dart:278:9)
<asynchronous suspension>
#20     AppContext.run.<anonymous closure> (package:flutter_tools/src/base/context.dart:150:19)
<asynchronous suspension>
#21     AppContext.run (package:flutter_tools/src/base/context.dart:149:12)
<asynchronous suspension>
#22     FlutterCommandRunner.runCommand (package:flutter_tools/src/runner/flutter_command_runner.dart:234:5)
<asynchronous suspension>
#23     run.<anonymous closure>.<anonymous closure> (package:flutter_tools/runner.dart:64:9)
<asynchronous suspension>
#24     run.<anonymous closure> (package:flutter_tools/runner.dart:62:12)
<asynchronous suspension>
#25     AppContext.run.<anonymous closure> (package:flutter_tools/src/base/context.dart:150:19)
<asynchronous suspension>
#26     AppContext.run (package:flutter_tools/src/base/context.dart:149:12)
<asynchronous suspension>
#27     runInContext (package:flutter_tools/src/context_runner.dart:73:10)
<asynchronous suspension>
#28     main (package:flutter_tools/executable.dart:90:3)
<asynchronous suspension>
```

## flutter doctor

```
[✓] Flutter (Channel stable, 2.0.6, on Microsoft Windows [Version 10.0.17763.2061], locale en-US)
    • Flutter version 2.0.6 at C:\src\flutter
    • Framework revision 1d9032c7e1 (3 months ago), 2021-04-29 17:37:58 -0700
    • Engine revision 05e680e202
    • Dart version 2.12.3

[✓] Android toolchain - develop for Android devices (Android SDK version 30.0.3)
    • Android SDK at C:\Users\Annaniks\AppData\Local\Android\sdk
    • Platform android-30, build-tools 30.0.3
    • ANDROID_HOME = C:\Users\Annaniks\AppData\Local\Android
    • Java binary at: C:\Program Files\Android\Android Studio\jre\bin\java
    • Java version OpenJDK Runtime Environment (build 1.8.0_242-release-1644-b01)
    • All Android licenses accepted.

[✓] Chrome - develop for the web
    • Chrome at C:\Program Files\Google\Chrome\Application\chrome.exe

[✓] Android Studio (version 4.1.0)
    • Android Studio at C:\Program Files\Android\Android Studio
    • Flutter plugin can be installed from:
      🔨 https://plugins.jetbrains.com/plugin/9212-flutter
    • Dart plugin can be installed from:
      🔨 https://plugins.jetbrains.com/plugin/6351-dart
    • Java version OpenJDK Runtime Environment (build 1.8.0_242-release-1644-b01)

[✓] VS Code (version 1.58.2)
    • VS Code at C:\Users\Annaniks\AppData\Local\Programs\Microsoft VS Code
    • Flutter extension version 3.24.0

[✓] Connected device (2 available)
    • sdk gphone x86 (mobile) • emulator-5554 • android-x86    • Android 11 (API 30) (emulator)
    • Chrome (web)            • chrome        • web-javascript • Google Chrome 91.0.4472.164

• No issues found!
```
